///////////////////// cycle:                   39
==================== PRF ====================
|prf_idx |prf_value       |valid   |free    |
|       0|               0|       1|       0|
|       1|               2|       1|       0|
|       2|               1|       1|       0|
|       3|               0|       0|       1|
|       4|               1|       1|       0|
|       5|               x|       0|       1|
|       6|               x|       0|       1|
|       7|               x|       0|       1|
|       8|               x|       0|       1|
|       9|               x|       0|       1|
|      10|               x|       0|       1|
|      11|               x|       0|       1|
|      12|               x|       0|       1|
|      13|               x|       0|       1|
|      14|               x|       0|       1|
|      15|               x|       0|       1|
=============================================
=================== ROB ==================
|rob_idx |PC      |executed|dest_preg_idx|
|       0|       0|       1|            1|
|       1|       4|       1|            2|
|       2|       8|       1|            3|
|       3|      12|       1|            4|
|       4|         x|       x|            x| <- HEAD & TAIL
|       5|         x|       x|            x|
|       6|         x|       x|            x|
|       7|         x|       x|            x|
==========================================
======= RAT =======
|rat_idx |preg_idx|
|       0|       0|
|       1|       0|
|       2|       0|
|       3|       0|
|       4|       4|
|       5|       2|
|       6|       1|
|       7|       0|
|       8|       0|
|       9|       0|
|      10|       0|
|      11|       0|
|      12|       0|
|      13|       0|
|      14|       0|
|      15|       0|
|      16|       0|
|      17|       0|
|      18|       0|
|      19|       0|
|      20|       0|
|      21|       0|
|      22|       0|
|      23|       0|
|      24|       0|
|      25|       0|
|      26|       0|
|      27|       0|
|      28|       0|
|      29|       0|
|      30|       0|
|      31|       0|
===================
====== RRAT =======
|rrat_idx|preg_idx|
|       0|       0|
|       1|       0|
|       2|       0|
|       3|       0|
|       4|       4|
|       5|       2|
|       6|       1|
|       7|       0|
|       8|       0|
|       9|       0|
|      10|       0|
|      11|       0|
|      12|       0|
|      13|       0|
|      14|       0|
|      15|       0|
|      16|       0|
|      17|       0|
|      18|       0|
|      19|       0|
|      20|       0|
|      21|       0|
|      22|       0|
|      23|       0|
|      24|       0|
|      25|       0|
|      26|       0|
|      27|       0|
|      28|       0|
|      29|       0|
|      30|       0|
|      31|       0|
===================
======================================= RS-ALU ========================================
|rs_idx  |PC      |opa_ready |opa_value |opb_ready |opb_value |dest_preg_idx |rob_idx |
|       0|       8|         1|         0|         1|         0|             3|       2|
|       1|      12|         1|         0|         1|         1|             4|       3|
|       2|         x|         x|         x|         x|         x|             x|       x|
|       3|         x|         x|         x|         x|         x|             x|       x|
|       4|         x|         x|         x|         x|         x|             x|       x|
|       5|         x|         x|         x|         x|         x|             x|       x|
|       6|         x|         x|         x|         x|         x|             x|       x|
|       7|         x|         x|         x|         x|         x|             x|       x|
============================================= RS-BR ==============================================
|rs_idx  |PC      |opa_ready |opa_value |opb_ready |opb_value |target_PC |pred_direction|rob_idx |
|       0|         x|         x|         x|         x|         x|         x|             x|       x|
|       1|         x|         x|         x|         x|         x|         x|             x|       x|
|       2|         x|         x|         x|         x|         x|         x|             x|       x|
|       3|         x|         x|         x|         x|         x|         x|             x|       x|
==================================================================================================
///////////////////// cycle:                   40
==================== PRF ====================
|prf_idx |prf_value       |valid   |free    |
|       0|               0|       1|       0|
|       1|               2|       1|       0|
|       2|               1|       1|       0|
|       3|               0|       0|       1|
|       4|               1|       1|       0|
|       5|               x|       0|       1|
|       6|               x|       0|       1|
|       7|               x|       0|       1|
|       8|               x|       0|       1|
|       9|               x|       0|       1|
|      10|               x|       0|       1|
|      11|               x|       0|       1|
|      12|               x|       0|       1|
|      13|               x|       0|       1|
|      14|               x|       0|       1|
|      15|               x|       0|       1|
=============================================
=================== ROB ==================
|rob_idx |PC      |executed|dest_preg_idx|
|       0|       0|       1|            1|
|       1|       4|       1|            2|
|       2|       8|       1|            3|
|       3|      12|       1|            4|
|       4|         x|       x|            x| <- HEAD & TAIL
|       5|         x|       x|            x|
|       6|         x|       x|            x|
|       7|         x|       x|            x|
==========================================
======= RAT =======
|rat_idx |preg_idx|
|       0|       0|
|       1|       0|
|       2|       0|
|       3|       0|
|       4|       4|
|       5|       2|
|       6|       1|
|       7|       0|
|       8|       0|
|       9|       0|
|      10|       0|
|      11|       0|
|      12|       0|
|      13|       0|
|      14|       0|
|      15|       0|
|      16|       0|
|      17|       0|
|      18|       0|
|      19|       0|
|      20|       0|
|      21|       0|
|      22|       0|
|      23|       0|
|      24|       0|
|      25|       0|
|      26|       0|
|      27|       0|
|      28|       0|
|      29|       0|
|      30|       0|
|      31|       0|
===================
====== RRAT =======
|rrat_idx|preg_idx|
|       0|       0|
|       1|       0|
|       2|       0|
|       3|       0|
|       4|       4|
|       5|       2|
|       6|       1|
|       7|       0|
|       8|       0|
|       9|       0|
|      10|       0|
|      11|       0|
|      12|       0|
|      13|       0|
|      14|       0|
|      15|       0|
|      16|       0|
|      17|       0|
|      18|       0|
|      19|       0|
|      20|       0|
|      21|       0|
|      22|       0|
|      23|       0|
|      24|       0|
|      25|       0|
|      26|       0|
|      27|       0|
|      28|       0|
|      29|       0|
|      30|       0|
|      31|       0|
===================
======================================= RS-ALU ========================================
|rs_idx  |PC      |opa_ready |opa_value |opb_ready |opb_value |dest_preg_idx |rob_idx |
|       0|       8|         1|         0|         1|         0|             3|       2|
|       1|      12|         1|         0|         1|         1|             4|       3|
|       2|         x|         x|         x|         x|         x|             x|       x|
|       3|         x|         x|         x|         x|         x|             x|       x|
|       4|         x|         x|         x|         x|         x|             x|       x|
|       5|         x|         x|         x|         x|         x|             x|       x|
|       6|         x|         x|         x|         x|         x|             x|       x|
|       7|         x|         x|         x|         x|         x|             x|       x|
============================================= RS-BR ==============================================
|rs_idx  |PC      |opa_ready |opa_value |opb_ready |opb_value |target_PC |pred_direction|rob_idx |
|       0|         x|         x|         x|         x|         x|         x|             x|       x|
|       1|         x|         x|         x|         x|         x|         x|             x|       x|
|       2|         x|         x|         x|         x|         x|         x|             x|       x|
|       3|         x|         x|         x|         x|         x|         x|             x|       x|
==================================================================================================
///////////////////// cycle:                   41
==================== PRF ====================
|prf_idx |prf_value       |valid   |free    |
|       0|               0|       1|       0|
|       1|               2|       1|       0|
|       2|               1|       1|       0|
|       3|               0|       0|       1|
|       4|               1|       1|       0|
|       5|               x|       0|       0|
|       6|               x|       0|       1|
|       7|               x|       0|       1|
|       8|               x|       0|       1|
|       9|               x|       0|       1|
|      10|               x|       0|       1|
|      11|               x|       0|       1|
|      12|               x|       0|       1|
|      13|               x|       0|       1|
|      14|               x|       0|       1|
|      15|               x|       0|       1|
=============================================
=================== ROB ==================
|rob_idx |PC      |executed|dest_preg_idx|
|       0|       0|       1|            1|
|       1|       4|       1|            2|
|       2|       8|       1|            3|
|       3|      12|       1|            4|
|       4|      16|       0|            5| <- HEAD
|       5|         x|       x|            x| <- TAIL
|       6|         x|       x|            x|
|       7|         x|       x|            x|
==========================================
======= RAT =======
|rat_idx |preg_idx|
|       0|       0|
|       1|       0|
|       2|       0|
|       3|       0|
|       4|       4|
|       5|       5|
|       6|       1|
|       7|       0|
|       8|       0|
|       9|       0|
|      10|       0|
|      11|       0|
|      12|       0|
|      13|       0|
|      14|       0|
|      15|       0|
|      16|       0|
|      17|       0|
|      18|       0|
|      19|       0|
|      20|       0|
|      21|       0|
|      22|       0|
|      23|       0|
|      24|       0|
|      25|       0|
|      26|       0|
|      27|       0|
|      28|       0|
|      29|       0|
|      30|       0|
|      31|       0|
===================
====== RRAT =======
|rrat_idx|preg_idx|
|       0|       0|
|       1|       0|
|       2|       0|
|       3|       0|
|       4|       4|
|       5|       2|
|       6|       1|
|       7|       0|
|       8|       0|
|       9|       0|
|      10|       0|
|      11|       0|
|      12|       0|
|      13|       0|
|      14|       0|
|      15|       0|
|      16|       0|
|      17|       0|
|      18|       0|
|      19|       0|
|      20|       0|
|      21|       0|
|      22|       0|
|      23|       0|
|      24|       0|
|      25|       0|
|      26|       0|
|      27|       0|
|      28|       0|
|      29|       0|
|      30|       0|
|      31|       0|
===================
======================================= RS-ALU ========================================
|rs_idx  |PC      |opa_ready |opa_value |opb_ready |opb_value |dest_preg_idx |rob_idx |
|       0|      16|         1|         1|         1|         1|             5|       4|
|       1|      12|         1|         0|         1|         1|             4|       3|
|       2|         x|         x|         x|         x|         x|             x|       x|
|       3|         x|         x|         x|         x|         x|             x|       x|
|       4|         x|         x|         x|         x|         x|             x|       x|
|       5|         x|         x|         x|         x|         x|             x|       x|
|       6|         x|         x|         x|         x|         x|             x|       x|
|       7|         x|         x|         x|         x|         x|             x|       x|
============================================= RS-BR ==============================================
|rs_idx  |PC      |opa_ready |opa_value |opb_ready |opb_value |target_PC |pred_direction|rob_idx |
|       0|         x|         x|         x|         x|         x|         x|             x|       x|
|       1|         x|         x|         x|         x|         x|         x|             x|       x|
|       2|         x|         x|         x|         x|         x|         x|             x|       x|
|       3|         x|         x|         x|         x|         x|         x|             x|       x|
==================================================================================================