Head:			0       
Tail:			0       
Commit_valid:	0       
Entry	|	PC		|	Executed	|	Dest.ARN	|	Dest.PRN	|	rob_mis_pred	|
0       |	0       |		-       |		0       |		0       |		-           |	<- Head & Tail
1       |	0       |		-       |		0       |		0       |		-           |
2       |	0       |		-       |		0       |		0       |		-           |
3       |	0       |		-       |		0       |		0       |		-           |
4       |	0       |		-       |		0       |		0       |		-           |
5       |	0       |		-       |		0       |		0       |		-           |
6       |	0       |		-       |		0       |		0       |		-           |
7       |	0       |		-       |		0       |		0       |		-           |




reset:				0
PC:					4
execution_finished:	0
dispatch_enable:	1
dest_areg_idx:		1
prf_free_preg_idx:	1
executed_rob_entry:	0
cdb_mis_pred:		0
Head:			0       
Tail:			1       
Commit_valid:	0       
Entry	|	PC		|	Executed	|	Dest.ARN	|	Dest.PRN	|	rob_mis_pred	|
0       |	4       |		-       |		1       |		1       |		-           |	<- Head
1       |	0       |		-       |		0       |		0       |		-           |	<- Tail
2       |	0       |		-       |		0       |		0       |		-           |
3       |	0       |		-       |		0       |		0       |		-           |
4       |	0       |		-       |		0       |		0       |		-           |
5       |	0       |		-       |		0       |		0       |		-           |
6       |	0       |		-       |		0       |		0       |		-           |
7       |	0       |		-       |		0       |		0       |		-           |




reset:				0
PC:					8
execution_finished:	1
dispatch_enable:	1
dest_areg_idx:		1
prf_free_preg_idx:	1
executed_rob_entry:	0
cdb_mis_pred:		0
Head:			0       
Tail:			2       
Commit_valid:	1       
Entry	|	PC		|	Executed	|	Dest.ARN	|	Dest.PRN	|	rob_mis_pred	|
0       |	4       |		1       |		1       |		1       |		-           |	<- Head
1       |	8       |		-       |		1       |		1       |		-           |
2       |	0       |		-       |		0       |		0       |		-           |	<- Tail
3       |	0       |		-       |		0       |		0       |		-           |
4       |	0       |		-       |		0       |		0       |		-           |
5       |	0       |		-       |		0       |		0       |		-           |
6       |	0       |		-       |		0       |		0       |		-           |
7       |	0       |		-       |		0       |		0       |		-           |




reset:				0
PC:					12
execution_finished:	1
dispatch_enable:	1
dest_areg_idx:		1
prf_free_preg_idx:	1
executed_rob_entry:	1
cdb_mis_pred:		1
Head:			1       
Tail:			3       
Commit_valid:	1       
Entry	|	PC		|	Executed	|	Dest.ARN	|	Dest.PRN	|	rob_mis_pred	|
0       |	4       |		1       |		1       |		1       |		-           |
1       |	8       |		1       |		1       |		1       |		1           |	<- Head
2       |	12      |		-       |		1       |		1       |		-           |
3       |	0       |		-       |		0       |		0       |		-           |	<- Tail
4       |	0       |		-       |		0       |		0       |		-           |
5       |	0       |		-       |		0       |		0       |		-           |
6       |	0       |		-       |		0       |		0       |		-           |
7       |	0       |		-       |		0       |		0       |		-           |




reset:				0
PC:					16
execution_finished:	0
dispatch_enable:	1
dest_areg_idx:		1
prf_free_preg_idx:	1
executed_rob_entry:	1
cdb_mis_pred:		0
Head:			3       
Tail:			3       
Commit_valid:	0       
Entry	|	PC		|	Executed	|	Dest.ARN	|	Dest.PRN	|	rob_mis_pred	|
0       |	4       |		1       |		1       |		1       |		-           |
1       |	8       |		1       |		1       |		1       |		1           |
2       |	12      |		-       |		1       |		1       |		-           |
3       |	0       |		-       |		0       |		0       |		-           |	<- Head & Tail
4       |	0       |		-       |		0       |		0       |		-           |
5       |	0       |		-       |		0       |		0       |		-           |
6       |	0       |		-       |		0       |		0       |		-           |
7       |	0       |		-       |		0       |		0       |		-           |




reset:				0
PC:					20
execution_finished:	1
dispatch_enable:	1
dest_areg_idx:		1
prf_free_preg_idx:	1
executed_rob_entry:	2
cdb_mis_pred:		0
Head:			3       
Tail:			4       
Commit_valid:	0       
Entry	|	PC		|	Executed	|	Dest.ARN	|	Dest.PRN	|	rob_mis_pred	|
0       |	4       |		1       |		1       |		1       |		-           |
1       |	8       |		1       |		1       |		1       |		1           |
2       |	12      |		1       |		1       |		1       |		-           |
3       |	20      |		-       |		1       |		1       |		-           |	<- Head
4       |	0       |		-       |		0       |		0       |		-           |	<- Tail
5       |	0       |		-       |		0       |		0       |		-           |
6       |	0       |		-       |		0       |		0       |		-           |
7       |	0       |		-       |		0       |		0       |		-           |




reset:				0
PC:					24
execution_finished:	1
dispatch_enable:	1
dest_areg_idx:		1
prf_free_preg_idx:	1
executed_rob_entry:	3
cdb_mis_pred:		0
Head:			3       
Tail:			5       
Commit_valid:	1       
Entry	|	PC		|	Executed	|	Dest.ARN	|	Dest.PRN	|	rob_mis_pred	|
0       |	4       |		1       |		1       |		1       |		-           |
1       |	8       |		1       |		1       |		1       |		1           |
2       |	12      |		1       |		1       |		1       |		-           |
3       |	20      |		1       |		1       |		1       |		-           |	<- Head
4       |	24      |		-       |		1       |		1       |		-           |
5       |	0       |		-       |		0       |		0       |		-           |	<- Tail
6       |	0       |		-       |		0       |		0       |		-           |
7       |	0       |		-       |		0       |		0       |		-           |




reset:				1
PC:					0
execution_finished:	0
dispatch_enable:	1
dest_areg_idx:		1
prf_free_preg_idx:	0
executed_rob_entry:	0
cdb_mis_pred:		0
Head:			0       
Tail:			0       
Commit_valid:	0       
Entry	|	PC		|	Executed	|	Dest.ARN	|	Dest.PRN	|	rob_mis_pred	|
0       |	4       |		1       |		1       |		1       |		-           |	<- Head & Tail
1       |	8       |		1       |		1       |		1       |		1           |
2       |	12      |		1       |		1       |		1       |		-           |
3       |	20      |		1       |		1       |		1       |		-           |
4       |	24      |		-       |		1       |		1       |		-           |
5       |	0       |		-       |		0       |		0       |		-           |
6       |	0       |		-       |		0       |		0       |		-           |
7       |	0       |		-       |		0       |		0       |		-           |




reset:				0
PC:					4
execution_finished:	0
dispatch_enable:	1
dest_areg_idx:		1
prf_free_preg_idx:	1
executed_rob_entry:	0
cdb_mis_pred:		0
Head:			0       
Tail:			1       
Commit_valid:	0       
Entry	|	PC		|	Executed	|	Dest.ARN	|	Dest.PRN	|	rob_mis_pred	|
0       |	4       |		-       |		1       |		1       |		-           |	<- Head
1       |	8       |		1       |		1       |		1       |		1           |	<- Tail
2       |	12      |		1       |		1       |		1       |		-           |
3       |	20      |		1       |		1       |		1       |		-           |
4       |	24      |		-       |		1       |		1       |		-           |
5       |	0       |		-       |		0       |		0       |		-           |
6       |	0       |		-       |		0       |		0       |		-           |
7       |	0       |		-       |		0       |		0       |		-           |




reset:				0
PC:					8
execution_finished:	0
dispatch_enable:	1
dest_areg_idx:		1
prf_free_preg_idx:	1
executed_rob_entry:	1
cdb_mis_pred:		0
Head:			0       
Tail:			2       
Commit_valid:	0       
Entry	|	PC		|	Executed	|	Dest.ARN	|	Dest.PRN	|	rob_mis_pred	|
0       |	4       |		-       |		1       |		1       |		-           |	<- Head
1       |	8       |		-       |		1       |		1       |		-           |
2       |	12      |		1       |		1       |		1       |		-           |	<- Tail
3       |	20      |		1       |		1       |		1       |		-           |
4       |	24      |		-       |		1       |		1       |		-           |
5       |	0       |		-       |		0       |		0       |		-           |
6       |	0       |		-       |		0       |		0       |		-           |
7       |	0       |		-       |		0       |		0       |		-           |




reset:				0
PC:					12
execution_finished:	0
dispatch_enable:	1
dest_areg_idx:		1
prf_free_preg_idx:	1
executed_rob_entry:	2
cdb_mis_pred:		1
Head:			0       
Tail:			3       
Commit_valid:	0       
Entry	|	PC		|	Executed	|	Dest.ARN	|	Dest.PRN	|	rob_mis_pred	|
0       |	4       |		-       |		1       |		1       |		-           |	<- Head
1       |	8       |		-       |		1       |		1       |		-           |
2       |	12      |		-       |		1       |		1       |		-           |
3       |	20      |		1       |		1       |		1       |		-           |	<- Tail
4       |	24      |		-       |		1       |		1       |		-           |
5       |	0       |		-       |		0       |		0       |		-           |
6       |	0       |		-       |		0       |		0       |		-           |
7       |	0       |		-       |		0       |		0       |		-           |




reset:				0
PC:					16
execution_finished:	0
dispatch_enable:	1
dest_areg_idx:		1
prf_free_preg_idx:	1
executed_rob_entry:	2
cdb_mis_pred:		0
Head:			0       
Tail:			4       
Commit_valid:	0       
Entry	|	PC		|	Executed	|	Dest.ARN	|	Dest.PRN	|	rob_mis_pred	|
0       |	4       |		-       |		1       |		1       |		-           |	<- Head
1       |	8       |		-       |		1       |		1       |		-           |
2       |	12      |		-       |		1       |		1       |		-           |
3       |	16      |		-       |		1       |		1       |		-           |
4       |	24      |		-       |		1       |		1       |		-           |	<- Tail
5       |	0       |		-       |		0       |		0       |		-           |
6       |	0       |		-       |		0       |		0       |		-           |
7       |	0       |		-       |		0       |		0       |		-           |




reset:				0
PC:					20
execution_finished:	0
dispatch_enable:	1
dest_areg_idx:		1
prf_free_preg_idx:	1
executed_rob_entry:	3
cdb_mis_pred:		0
Head:			0       
Tail:			5       
Commit_valid:	0       
Entry	|	PC		|	Executed	|	Dest.ARN	|	Dest.PRN	|	rob_mis_pred	|
0       |	4       |		-       |		1       |		1       |		-           |	<- Head
1       |	8       |		-       |		1       |		1       |		-           |
2       |	12      |		-       |		1       |		1       |		-           |
3       |	16      |		-       |		1       |		1       |		-           |
4       |	20      |		-       |		1       |		1       |		-           |
5       |	0       |		-       |		0       |		0       |		-           |	<- Tail
6       |	0       |		-       |		0       |		0       |		-           |
7       |	0       |		-       |		0       |		0       |		-           |




reset:				0
PC:					24
execution_finished:	0
dispatch_enable:	1
dest_areg_idx:		1
prf_free_preg_idx:	1
executed_rob_entry:	3
cdb_mis_pred:		0
Head:			0       
Tail:			6       
Commit_valid:	0       
Entry	|	PC		|	Executed	|	Dest.ARN	|	Dest.PRN	|	rob_mis_pred	|
0       |	4       |		-       |		1       |		1       |		-           |	<- Head
1       |	8       |		-       |		1       |		1       |		-           |
2       |	12      |		-       |		1       |		1       |		-           |
3       |	16      |		-       |		1       |		1       |		-           |
4       |	20      |		-       |		1       |		1       |		-           |
5       |	24      |		-       |		1       |		1       |		-           |
6       |	0       |		-       |		0       |		0       |		-           |	<- Tail
7       |	0       |		-       |		0       |		0       |		-           |




reset:				0
PC:					28
execution_finished:	0
dispatch_enable:	1
dest_areg_idx:		1
prf_free_preg_idx:	1
executed_rob_entry:	3
cdb_mis_pred:		0
Head:			0       
Tail:			7       
Commit_valid:	0       
Entry	|	PC		|	Executed	|	Dest.ARN	|	Dest.PRN	|	rob_mis_pred	|
0       |	4       |		-       |		1       |		1       |		-           |	<- Head
1       |	8       |		-       |		1       |		1       |		-           |
2       |	12      |		-       |		1       |		1       |		-           |
3       |	16      |		-       |		1       |		1       |		-           |
4       |	20      |		-       |		1       |		1       |		-           |
5       |	24      |		-       |		1       |		1       |		-           |
6       |	28      |		-       |		1       |		1       |		-           |
7       |	0       |		-       |		0       |		0       |		-           |	<- Tail




reset:				0
PC:					32
execution_finished:	0
dispatch_enable:	1
dest_areg_idx:		1
prf_free_preg_idx:	1
executed_rob_entry:	0
cdb_mis_pred:		0
Head:			0       
Tail:			0       
Commit_valid:	0       
Entry	|	PC		|	Executed	|	Dest.ARN	|	Dest.PRN	|	rob_mis_pred	|
0       |	4       |		-       |		1       |		1       |		-           |	<- Head & Tail
1       |	8       |		-       |		1       |		1       |		-           |
2       |	12      |		-       |		1       |		1       |		-           |
3       |	16      |		-       |		1       |		1       |		-           |
4       |	20      |		-       |		1       |		1       |		-           |
5       |	24      |		-       |		1       |		1       |		-           |
6       |	28      |		-       |		1       |		1       |		-           |
7       |	32      |		-       |		1       |		1       |		-           |




reset:				0
PC:					36
execution_finished:	1
dispatch_enable:	0
dest_areg_idx:		0
prf_free_preg_idx:	1
executed_rob_entry:	0
cdb_mis_pred:		0
Head:			0       
Tail:			0       
Commit_valid:	1       
Entry	|	PC		|	Executed	|	Dest.ARN	|	Dest.PRN	|	rob_mis_pred	|
0       |	4       |		1       |		1       |		1       |		-           |	<- Head & Tail
1       |	8       |		-       |		1       |		1       |		-           |
2       |	12      |		-       |		1       |		1       |		-           |
3       |	16      |		-       |		1       |		1       |		-           |
4       |	20      |		-       |		1       |		1       |		-           |
5       |	24      |		-       |		1       |		1       |		-           |
6       |	28      |		-       |		1       |		1       |		-           |
7       |	32      |		-       |		1       |		1       |		-           |




reset:				0
PC:					36
execution_finished:	0
dispatch_enable:	0
dest_areg_idx:		0
prf_free_preg_idx:	1
executed_rob_entry:	1
cdb_mis_pred:		0
Head:			1       
Tail:			0       
Commit_valid:	0       
Entry	|	PC		|	Executed	|	Dest.ARN	|	Dest.PRN	|	rob_mis_pred	|
0       |	4       |		1       |		1       |		1       |		-           |	<- Tail
1       |	8       |		-       |		1       |		1       |		-           |	<- Head
2       |	12      |		-       |		1       |		1       |		-           |
3       |	16      |		-       |		1       |		1       |		-           |
4       |	20      |		-       |		1       |		1       |		-           |
5       |	24      |		-       |		1       |		1       |		-           |
6       |	28      |		-       |		1       |		1       |		-           |
7       |	32      |		-       |		1       |		1       |		-           |





