Chronologic VCS simulator copyright 1991-2017
Contains Synopsys proprietary information.
Compiler version N-2017.12-SP2-1_Full64; Runtime version N-2017.12-SP2-1_Full64;  Feb 22 18:33 2020

 VCS Coverage Metrics Release N-2017.12-SP2-1_Full64 Copyright (c) 1991-2017 by Synopsys Inc.
VCD+ Writer N-2017.12-SP2-1_Full64 Copyright (c) 1991-2017 by Synopsys Inc.
STARTING TESTSUITE 1!
FINISHING TESTSUITE 1!
@@@
@@@
@@@
STARTING TESTSUITE 2!

ENDING TESTBENCH: SUCCESS!

$finish called from file "testbench/rob_testbench.sv", line 435.
$finish at simulation time               102100

---------------------------------------------------------------------------
VCS Coverage Metrics: during simulation line, tgl was monitored
---------------------------------------------------------------------------

 Coverage status: End of All Coverages ...

           V C S   S i m u l a t i o n   R e p o r t 
Time: 10210000 ps
CPU Time:      0.420 seconds;       Data structure size:   0.5Mb
Sat Feb 22 18:33:45 2020
