set ucliGUI::state
set ucliGUI::state
ucliCore::getToolPID
synopsys::env hasTB
trigger_hier_stack_context_switch 0
synUtils::setDVEInitPhase 1
synopsys::dump -type VPD -file /afs/umich.edu/user/s/h/shiyuliu/Desktop/group8w20/inter.vpd -locking
synopsys::dump -autoflush on -fid VPD0
set ::dve_fid VPD0
synUtils::setDVEInitPhase 0
ucliCore::getToolPID
synUtils::sendTool -active _icl_setToolSocket /tmp/smlnp5hM8ev
synUtils::sendTool -active {_icl_start_rpc -version "N-2017.12-SP2-1_Full64" -sync_file /tmp/vcs_dve_rpc.shiyuliu.10768}
synUtils::sendTool -active {_icl_createSharedMemory /tmp/vcs_dve_general.shiyuliu.10768}
ucliGUI::vpdAddHierarchy -scope proc_testbench -depth 1 -file /afs/umich.edu/user/s/h/shiyuliu/Desktop/group8w20/inter.vpd; synopsys::dump -flush VPD0
ucliGUI::getSignalValues -scope proc_testbench -radix {binary binary hexadecimal hexadecimal hexadecimal hexadecimal hexadecimal hexadecimal hexadecimal binary binary hexadecimal binary binary binary hexadecimal hexadecimal hexadecimal hexadecimal hexadecimal hexadecimal hexadecimal hexadecimal hexadecimal hexadecimal hexadecimal hexadecimal hexadecimal binary } -list {clock reset {mem2proc_response[3:0]} {mem2proc_data[63:0]} {mem2proc_tag[3:0]} {proc2mem_command[1:0]} {proc2mem_addr[31:0]} {proc2mem_data[63:0]} proc2mem_size result_mis_pred btb_taken {btb_target_PC[31:0]} tournament_taken local_taken global_taken prf_values {prf_free[31:0]} {prf_valid[31:0]} free_preg_queue {free_preg_queue_head[4:0]} {free_preg_queue_tail[4:0]} processor_error_status rob_packets {rob_head[2:0]} {rob_tail[2:0]} rat_packets {opa_preg_idx[4:0]} {opb_preg_idx[4:0]} fu_opa_ready }
config endofsim noexit
config onfail enable all
config syscaddplainmembers
config syscaddsourcenames
config syscaddstructtypes
synopsys::listing -disable
synopsys::dump -add {proc_testbench.processor0.icache0.clock proc_testbench.processor0.icache0.icache_blocks proc_testbench.processor0.icache0.proc2Icache_addr proc_testbench.processor0.icache0.reset } -aggregates  -fid VPD0
synopsys::run
set ucliGUI::state
set ucliGUI::state
set synopsys::env(time) 8500
set synopsys::env(time) 18700
ucliCore::getToolPID
ucliCore::stopTool -no_signal
set ucliGUI::state
set ucliGUI::state
ucliGUI::getSignalValues -scope proc_testbench.print_cdb -radix {binary binary binary } -list {cdb_mis_pred cdb_local_pred_direction cdb_global_pred_direction }
ucliGUI::getSignalValues -scope proc_testbench.print_cdb -radix {hexadecimal binary hexadecimal hexadecimal hexadecimal hexadecimal binary } -list {{cdb_broadcast_inst_PC[31:0]} cdb_broadcast_valid {cdb_result[31:0]} {cdb_dest_preg_idx[4:0]} {cdb_rob_idx[2:0]} {cdb_br_target_PC[31:0]} cdb_br_direction }
if [catch {gui_sim_terminate}] {gui_sim_terminate -kill}
synopsys::finish
set ucliGUI::state
set ucliGUI::state
ucli_exit
