21:38:19    99 --> ...                                                                                                  [tcl] ucliGUI::start /afs/umich.edu/user/s/h/shiyuliu/Desktop/group8w20/syn_simv -ucligui 
21:38:19    100 --> ...  [tcl] set ucliGUI::state
21:38:19    101 --> ...      [tcl] gui_update_simulator_buttons
21:38:21    102 --> ...          [tcl] set ucliGUI::state
21:38:21    103 --> ...              [tcl] ucliCore::getToolPID
21:38:21    104 --> ...                  [tcl] synopsys::env hasTB
21:38:21    105 --> ...                      [tcl] trigger_hier_stack_context_switch 0
21:38:21    106 --> ...                          [tcl] synUtils::setDVEInitPhase 1
21:38:21    107 --> ...                              [tcl] gui_get_env SIMSETUP::SIMVPD
21:38:21    108 --> ...                                  [tcl] synopsys::dump -type VPD -file /afs/umich.edu/user/s/h/shiyuliu/Desktop/group8w20/inter.vpd -locking
21:38:21    109 --> ...                                      [tcl] synopsys::dump -autoflush on -fid VPD1
21:38:21    110 --> ...                                          [tcl] set ::dve_fid VPD1
21:38:21    111 --> ...                                              [tcl] synUtils::setDVEInitPhase 0
21:38:21    112 --> ...                                                  [tcl] ucliCore::getToolPID
21:38:21    113 --> ...                                                      [tcl] synUtils::sendTool -active _icl_setToolSocket /tmp/smlnpMo1vmP
21:38:21    114 --> ...                                                          [tcl] synUtils::sendTool -active {_icl_start_rpc -version "N-2017.12-SP2-1_Full64" -sync_file /tmp/vcs_dve_rpc.shiyuliu.18959}
21:38:21    115 --> ...                                                              [tcl] synUtils::sendTool -active {_icl_createSharedMemory /tmp/vcs_dve_general.shiyuliu.18959}
21:38:21    116 --> ...                                                                  [tcl] config endofsim noexit
21:38:21    117 --> ...                                                                      [tcl] config onfail enable all
21:38:21    118 --> ...                                                                          [tcl] config syscaddplainmembers
21:38:21    119 --> ...                                                                              [tcl] config syscaddsourcenames
21:38:21    120 --> ...                                                                                  [tcl] config syscaddstructtypes
21:38:21    121 --> ...                                                                                      [tcl] synopsys::listing -disable
21:38:22    122 --> ...                                                                                          [tcl] # Begin_DVE_Session_Save_Info
21:38:22    123 --> ...                                                                                              [tcl] # DVE restart session
21:38:22    124 --> ...                                                                                                  [tcl] # Saved on Fri Mar 27 21:38:19 2020
21:38:22    125 --> ...  [tcl] # Designs open: 1
21:38:22    126 --> ...      [tcl] #   Sim: /afs/umich.edu/user/s/h/shiyuliu/Desktop/group8w20/syn_simv
21:38:22    127 --> ...          [tcl] # Toplevel windows open: 1
21:38:22    128 --> ...              [tcl] # 	TopLevel.1
21:38:22    129 --> ...                  [tcl] #   Source.1: proc_testbench.print_rrat.unnamed$$_0
21:38:22    130 --> ...                      [tcl] #   Group count = 0
21:38:22    131 --> ...                          [tcl] # End_DVE_Session_Save_Info
21:38:22    132 --> ...                              [tcl] # DVE version: N-2017.12-SP2-1_Full64
21:38:22    133 --> ...                                  [tcl] # DVE build date: Jul 14 2018 20:58:30
21:38:22    134 --> ...                                      [tcl] #<Session mode="Restart" path=".restartSimSession.tcl" type="Debug">
21:38:22    135 --> ...                                          [tcl] gui_set_loading_session_type Restart
21:38:22    136 --> ...                                              [tcl] gui_continuetime_set
21:38:22    137 --> ...                                                  [tcl] gui_clear_window -type Wave
21:38:22    138 --> ...                                                      [tcl] gui_clear_window -type List
21:38:22    139 --> ...                                                          [tcl] # Application preferences
21:38:22    140 --> ...                                                              [tcl] gui_set_pref_value -key app_default_font -value {Helvetica,10,-1,5,50,0,0,0,0,0}
21:38:22    141 --> ...                                                                  [tcl] gui_src_preferences -tabstop 8 -maxbits 24 -windownumber 1
21:38:22    142 --> ...                                                                      [tcl] #<WindowLayout>
21:38:22    143 --> ...                                                                          [tcl] # DVE top-level session
21:38:22    144 --> ...                                                                              [tcl] # Create and position top-level window: TopLevel.1
21:38:22    145 --> ...                                                                                  [tcl] set TopLevel.1 TopLevel.1
21:38:22    146 --> ...                                                                                      [tcl] # Docked window settings
21:38:22    147 --> ...                                                                                          [tcl] set HSPane.1 HSPane.1
21:38:22    148 --> ...                                                                                              [tcl] set Hier.1 Hier.1
21:38:22    149 --> ...                                                                                                  [tcl] set DLPane.1 DLPane.1
21:38:22    150 --> ...  [tcl] set Data.1 Data.1
21:38:22    151 --> ...      [tcl] set Console.1 Console.1
21:38:22    152 --> ...          [tcl] gui_sync_global -id ${TopLevel.1} -option true
21:38:22    153 --> ...              [tcl] # MDI window settings
21:38:22    154 --> ...                  [tcl] set Source.1 Source.1
21:38:22    155 --> ...                      [tcl] gui_update_layout -id ${Source.1} {{show_state maximized} {dock_state undocked} {dock_on_new_line false}}
21:38:22    156 --> ...                          [tcl] # End MDI window settings
21:38:22    157 --> ...                              [tcl] #</WindowLayout>
21:38:22    158 --> ...                                  [tcl] #<Database>
21:38:22    159 --> ...                                      [tcl] gui_set_precision 100ps
21:38:22    160 --> ...                                          [tcl] gui_set_time_units 100ps
21:38:22    161 --> ...                                              [tcl] #</Database>
21:38:22    162 --> ...                                                  [tcl] # DVE Global setting session:
21:38:22    163 --> ...                                                      [tcl] # Global: Breakpoints
21:38:22    164 --> ...                                                          [tcl] # Global: Bus
21:38:22    165 --> ...                                                              [tcl] # Global: Expressions
21:38:22    166 --> ...                                                                  [tcl] # Global: Signal Time Shift
21:38:22    167 --> ...                                                                      [tcl] # Global: Signal Compare
21:38:22    168 --> ...                                                                          [tcl] # Global: Signal Groups
21:38:22    169 --> ...                                                                              [tcl] # Global: Highlighting
21:38:22    170 --> ...                                                                                  [tcl] # Global: Stack
21:38:22    171 --> ...                                                                                      [tcl] gui_change_stack_mode -mode list
21:38:22    172 --> ...                                                                                          [tcl] synopsys::xml {set_only_active_frame <data value="1" />}
21:38:22    173 --> ...                                                                                              [tcl] # Post database loading setting...
21:38:22    174 --> ...                                                                                                  [tcl] # Save global setting...
21:38:22    175 --> ...  [tcl] # Wave/List view global setting
21:38:22    176 --> ...      [tcl] gui_cov_show_value -switch false
21:38:22    177 --> ...          [tcl] # Close all empty TopLevel windows
21:38:22    178 --> ...              [tcl] foreach __top [gui_ekki_get_window_ids -type TopLevel] {     if { [llength [gui_ekki_get_window_ids -parent $__top]] == 0} {         gui_close_window -window $__top     } }
21:38:22    179 --> ...                  [tcl] gui_set_loading_session_type noSession
21:38:22    180 --> ...                      [tcl] # DVE View/pane content session:
21:38:22    181 --> ...                          [tcl] # Hier 'Hier.1'
21:38:22    182 --> ...                              [tcl] gui_show_window -window ${Hier.1}
21:38:22    183 --> ...                                  [tcl] gui_list_set_filter -id ${Hier.1} -list { {Package 1} {All 0} {Process 1} {VirtPowSwitch 0} {UnnamedProcess 1} {UDP 0} {Function 1} {Block 1} {SrsnAndSpaCell 0} {OVA Unit 1} {LeafScCell 1} {LeafVlgCell 1} {Interface 1} {LeafVhdCell 1} {$unit 1} {NamedBlock 1} {Task 1} {VlgPackage 1} {ClassDef 1} {VirtIsoCell 0} }
21:38:22    184 --> ...                                      [tcl] gui_list_set_filter -id ${Hier.1} -text {*}
21:38:22    185 --> ...                                          [tcl] gui_change_design -id ${Hier.1} -design Sim
21:38:22    186 --> ...                                              [tcl] catch {gui_list_select -id ${Hier.1} {proc_testbench}}
21:38:22    187 --> ...                                                  [tcl] dveMisc::vbusExpand proc_testbench
21:38:22    188 --> ...                                                      [tcl] gui_view_scroll -id ${Hier.1} -vertical -set 2907
21:38:22    189 --> ...                                                          [tcl] gui_view_scroll -id ${Hier.1} -horizontal -set 0
21:38:22    190 --> ...                                                              [tcl] # Data 'Data.1'
21:38:22    191 --> ...                                                                  [tcl] gui_list_set_filter -id ${Data.1} -list { {Buffer 1} {Input 1} {Others 1} {Linkage 1} {Output 1} {LowPower 1} {Parameter 1} {All 1} {Aggregate 1} {LibBaseMember 1} {Event 1} {Assertion 1} {Constant 1} {Interface 1} {BaseMembers 1} {Signal 1} {$unit 1} {Inout 1} {Variable 1} }
21:38:22    192 --> ...                                                                      [tcl] gui_list_set_filter -id ${Data.1} -text {*}
21:38:22    193 --> ...                                                                          [tcl] gui_list_show_data -id ${Data.1} {proc_testbench}
21:38:22    194 --> ...                                                                              [tcl] gui_view_scroll -id ${Data.1} -vertical -set 0
21:38:22    195 --> ...                                                                                  [tcl] gui_view_scroll -id ${Data.1} -horizontal -set 0
21:38:22    196 --> ...                                                                                      [tcl] gui_view_scroll -id ${Hier.1} -vertical -set 2907
21:38:22    197 --> ...                                                                                          [tcl] gui_view_scroll -id ${Hier.1} -horizontal -set 0
21:38:22    198 --> ...                                                                                              [tcl] # Source 'Source.1'
21:38:22    199 --> ...                                                                                                  [tcl] gui_src_value_annotate -id ${Source.1} -switch false
21:38:22    200 --> ...  [tcl] gui_set_env TOGGLE::VALUEANNOTATE 0
21:38:22    201 --> ...      [tcl] gui_open_source -id ${Source.1}  -replace -active {proc_testbench.print_rrat.unnamed$$_0} /afs/umich.edu/user/s/h/shiyuliu/Desktop/group8w20/testbench/proc_testbench.sv
21:38:22    202 --> ...          [tcl] dveMisc::vbusExpand _vcs_unit__3940584482
21:38:22    203 --> ...              [tcl] dveMisc::vbusExpand {proc_testbench.print_rrat.unnamed$$_0}
21:38:22    204 --> ...                  [tcl] dveMisc::vbusExpand proc_testbench.print_rrat
21:38:22    205 --> ...                      [tcl] gui_src_value_annotate -id ${Source.1} -switch true
21:38:22    206 --> ...                          [tcl] ucliGUI::getSignalValues -scope {proc_testbench.print_rrat.unnamed$$_0} -radix {hexadecimal } -list {proc_testbench.rat_packets }
21:38:22    207 --> ...                              [tcl] gui_set_env TOGGLE::VALUEANNOTATE 1
21:38:22    208 --> ...                                  [tcl] gui_view_scroll -id ${Source.1} -vertical -set 3435
21:38:22    209 --> ...                                      [tcl] gui_src_set_reusable -id ${Source.1}
21:38:22    210 --> ...                                          [tcl] # Restore toplevel window zorder
21:38:22    211 --> ...                                              [tcl] # The toplevel window could be closed if it has no view/pane
21:38:22    212 --> ...                                                  [tcl] if {[gui_exist_window -window ${TopLevel.1}]} { 	gui_set_active_window -window ${TopLevel.1} 	gui_set_active_window -window ${Source.1} 	gui_set_active_window -window ${Console.1} }
21:38:22    213 --> ...                                                      [tcl] #</Session>
21:38:28    214 --> ...                                                          [tcl] synopsys::run
21:38:28    215 --> ...                                                              [tcl] set ucliGUI::state
21:38:28    216 --> ...                                                                  [tcl] gui_update_simulator_buttons
21:38:28    217 --> ...                                                                      [tcl] set ucliGUI::state
21:38:29    218 --> ...                                                                          [tcl] gui_update_simulator_buttons
21:38:33    219 --> ...                                                                              [tcl] ucliCore::getToolPID
21:38:33    220 --> ...                                                                                  [tcl] ucliCore::stopTool -no_signal
21:38:34    221 --> ...                                                                                      [tcl] set ucliGUI::state
21:38:34    222 --> ...                                                                                          [tcl] set ucliGUI::state
21:38:34    223 --> ...                                                                                              [tcl] catch {senv activeDomain} dveMisc::result 
21:38:34    224 --> ...                                                                                                  [tcl] set dveMisc::result
21:38:34    225 --> ...  [tcl] gui_update_simulator_buttons
21:38:34    226 --> ...      [tcl] dveMisc::vbusExpand proc_testbench.print_cdb
21:38:34    227 --> ...          [tcl] ucliGUI::getSignalValues -scope proc_testbench.print_cdb -radix {binary hexadecimal binary binary binary hexadecimal } -list {cdb_br_direction {cdb_br_target_PC[31:0]} cdb_mis_pred cdb_local_pred_direction cdb_global_pred_direction {module_select[3:0]} }
21:38:34    228 --> ...              [tcl] ucliGUI::getSignalValues -scope proc_testbench.print_cdb -radix {binary hexadecimal hexadecimal hexadecimal hexadecimal } -list {cdb_broadcast_valid {cdb_result[31:0]} {cdb_dest_preg_idx[4:0]} {cdb_rob_idx[2:0]} {cdb_broadcast_inst_PC[31:0]} }
21:38:59    229 --> ...                  [tcl] synopsys::run
21:38:59    230 --> ...                      [tcl] set ucliGUI::state
21:38:59    231 --> ...                          [tcl] gui_update_simulator_buttons
21:38:59    232 --> ...                              [tcl] set ucliGUI::state
21:39:00    233 --> ...                                  [tcl] gui_update_simulator_buttons
21:39:03    234 --> ...                                      [tcl] set synopsys::env(time) 25300
21:39:05    235 --> ...                                          [tcl] ucliCore::getToolPID
21:39:05    236 --> ...                                              [tcl] ucliCore::stopTool -no_signal
21:39:06    237 --> ...                                                  [tcl] set ucliGUI::state
21:39:06    238 --> ...                                                      [tcl] set ucliGUI::state
21:39:06    239 --> ...                                                          [tcl] catch {senv activeDomain} dveMisc::result 
21:39:06    240 --> ...                                                              [tcl] set dveMisc::result
21:39:06    241 --> ...                                                                  [tcl] gui_update_simulator_buttons
21:39:06    242 --> ...                                                                      [tcl] ucliGUI::getSignalValues -scope proc_testbench -radix {binary binary hexadecimal hexadecimal hexadecimal hexadecimal hexadecimal hexadecimal hexadecimal hexadecimal hexadecimal hexadecimal hexadecimal hexadecimal hexadecimal hexadecimal hexadecimal hexadecimal } -list {clock reset {memory.unified_memory[8191]} {memory.unified_memory[8190]} {memory.unified_memory[8189]} {memory.unified_memory[8188]} {memory.unified_memory[8187]} {memory.unified_memory[8186]} {memory.unified_memory[8185]} {memory.unified_memory[8184]} {memory.unified_memory[8183]} {memory.unified_memory[8182]} {memory.unified_memory[8181]} {memory.unified_memory[8180]} {memory.unified_memory[8179]} {memory.unified_memory[8178]} {memory.unified_memory[8177]} {memory.unified_memory[8176]} }
21:39:06    243 --> ...                                                                          [tcl] ucliGUI::getSignalValues -scope proc_testbench -radix {hexadecimal hexadecimal hexadecimal hexadecimal hexadecimal hexadecimal hexadecimal hexadecimal hexadecimal hexadecimal hexadecimal hexadecimal hexadecimal hexadecimal hexadecimal hexadecimal } -list {{memory.unified_memory[8191]} {memory.unified_memory[8190]} {memory.unified_memory[8189]} {memory.unified_memory[8188]} {memory.unified_memory[8187]} {memory.unified_memory[8186]} {memory.unified_memory[8185]} {memory.unified_memory[8184]} {memory.unified_memory[8183]} {memory.unified_memory[8182]} {memory.unified_memory[8181]} {memory.unified_memory[8180]} {memory.unified_memory[8179]} {memory.unified_memory[8178]} {memory.unified_memory[8177]} {memory.unified_memory[8176]} }
21:39:13    244 --> ...                                                                              [tcl] ucliGUI::getSignalValues -scope proc_testbench -radix {hexadecimal hexadecimal hexadecimal hexadecimal hexadecimal hexadecimal hexadecimal hexadecimal hexadecimal hexadecimal hexadecimal hexadecimal hexadecimal hexadecimal hexadecimal hexadecimal hexadecimal binary hexadecimal binary hexadecimal hexadecimal hexadecimal hexadecimal binary hexadecimal binary binary binary hexadecimal hexadecimal hexadecimal hexadecimal hexadecimal hexadecimal hexadecimal hexadecimal hexadecimal hexadecimal hexadecimal hexadecimal } -list {{memory.unified_memory[8191]} {memory.unified_memory[8190]} {memory.unified_memory[8189]} {memory.unified_memory[8188]} {memory.unified_memory[8187]} {memory.unified_memory[8186]} {memory.unified_memory[8185]} {memory.unified_memory[8184]} {memory.unified_memory[8183]} {memory.unified_memory[8182]} {memory.unified_memory[8181]} {memory.unified_memory[8180]} {memory.unified_memory[8179]} {memory.unified_memory[8178]} {memory.unified_memory[8177]} {memory.unified_memory[8176]} {debug_counter[63:0]} result_mis_pred {module_select[3:0]} cdb_broadcast_valid {cdb_result[31:0]} {cdb_dest_preg_idx[4:0]} {cdb_rob_idx[2:0]} {cdb_broadcast_inst_PC[31:0]} cdb_br_direction {cdb_br_target_PC[31:0]} cdb_mis_pred cdb_local_pred_direction cdb_global_pred_direction id_packet_out prf_values {prf_free[31:0]} {prf_valid[31:0]} free_preg_queue {free_preg_queue_head[4:0]} {free_preg_queue_tail[4:0]} rob_packets {rob_head[2:0]} {rob_tail[2:0]} rat_packets rrat_packets }
21:39:32    245 --> ...                                                                                  [tcl] ucliGUI::getSignalValues -scope proc_testbench -radix {binary binary hexadecimal hexadecimal hexadecimal hexadecimal hexadecimal hexadecimal hexadecimal hexadecimal hexadecimal hexadecimal hexadecimal hexadecimal hexadecimal hexadecimal hexadecimal hexadecimal } -list {print_id_packet.id_packet_out.local_taken print_id_packet.id_packet_out.global_taken {memory.unified_memory[8191]} {memory.unified_memory[8190]} {memory.unified_memory[8189]} {memory.unified_memory[8188]} {memory.unified_memory[8187]} {memory.unified_memory[8186]} {memory.unified_memory[8185]} {memory.unified_memory[8184]} {memory.unified_memory[8183]} {memory.unified_memory[8182]} {memory.unified_memory[8181]} {memory.unified_memory[8180]} {memory.unified_memory[8179]} {memory.unified_memory[8178]} {memory.unified_memory[8177]} {memory.unified_memory[8176]} }
21:39:32    246 --> ...                                                                                      [tcl] dveMisc::vbusExpand proc_testbench.print_id_packet
21:39:32    247 --> ...                                                                                          [tcl] ucliGUI::vpdAddHierarchy -scope proc_testbench.print_id_packet -depth 1 -file /afs/umich.edu/user/s/h/shiyuliu/Desktop/group8w20/inter.vpd; synopsys::dump -flush VPD1
21:39:32    248 --> ...                                                                                              [tcl] ucliGUI::getSignalValues -scope proc_testbench -radix {hexadecimal hexadecimal hexadecimal hexadecimal hexadecimal hexadecimal hexadecimal hexadecimal hexadecimal binary binary } -list {print_id_packet.id_packet_out {print_id_packet.id_packet_out.PC[31:0]} print_id_packet.id_packet_out.fu_type {print_id_packet.id_packet_out.opa_areg_idx[4:0]} {print_id_packet.id_packet_out.opb_areg_idx[4:0]} {print_id_packet.id_packet_out.dest_areg_idx[4:0]} print_id_packet.id_packet_out.opa_select print_id_packet.id_packet_out.opb_select print_id_packet.id_packet_out.inst print_id_packet.id_packet_out.valid print_id_packet.id_packet_out.branch_prediction }
21:39:32    249 --> ...                                                                                                  [tcl] dveMisc::vbusExpand proc_testbench.print_predict
21:39:32    250 --> ...  [tcl] ucliGUI::getSignalValues -scope proc_testbench -radix {binary hexadecimal binary binary binary hexadecimal binary hexadecimal hexadecimal hexadecimal hexadecimal binary hexadecimal binary binary binary } -list {print_predict.btb_taken {print_predict.btb_target_PC[31:0]} print_predict.tournament_taken print_predict.local_taken print_predict.global_taken {print_cdb.module_select[3:0]} print_cdb.cdb_broadcast_valid {print_cdb.cdb_result[31:0]} {print_cdb.cdb_dest_preg_idx[4:0]} {print_cdb.cdb_rob_idx[2:0]} {print_cdb.cdb_broadcast_inst_PC[31:0]} print_cdb.cdb_br_direction {print_cdb.cdb_br_target_PC[31:0]} print_cdb.cdb_mis_pred print_cdb.cdb_local_pred_direction print_cdb.cdb_global_pred_direction }
21:39:33    251 --> ...      [tcl] synopsys::dump -add {proc_testbench.rs_branch_packets} -aggregates  -fid VPD1
21:39:33    252 --> ...          [tcl] dveMisc::vbusExpand proc_testbench.print_rs
21:39:33    253 --> ...              [tcl] synopsys::dump -add {proc_testbench.print_rs.rs_branch_packets} -aggregates  -fid VPD1
21:39:33    254 --> ...                  [tcl] ucliGUI::getSignalValues -scope proc_testbench -radix {hexadecimal hexadecimal } -list {print_rs.rs_branch_packets {print_rs.rs_branch_free[3:0]} }
21:39:33    255 --> ...                      [tcl] synopsys::dump -add {proc_testbench.rs_alu_packets} -aggregates  -fid VPD1
21:39:33    256 --> ...                          [tcl] synopsys::dump -add {proc_testbench.print_rs.rs_alu_packets} -aggregates  -fid VPD1
21:39:33    257 --> ...                              [tcl] synopsys::dump -add {proc_testbench.rs_mul_packets} -aggregates  -fid VPD1
21:39:33    258 --> ...                                  [tcl] synopsys::dump -add {proc_testbench.print_rs.rs_mul_packets} -aggregates  -fid VPD1
21:39:33    259 --> ...                                      [tcl] ucliGUI::getSignalValues -scope proc_testbench -radix {hexadecimal hexadecimal hexadecimal hexadecimal } -list {print_rs.rs_alu_packets {print_rs.rs_alu_free[7:0]} print_rs.rs_mul_packets {print_rs.rs_mul_free[3:0]} }
21:39:33    260 --> ...                                          [tcl] dveMisc::vbusExpand proc_testbench.print_prf
21:39:33    261 --> ...                                              [tcl] synopsys::dump -add {proc_testbench.prf_values} -aggregates  -fid VPD1
21:39:33    262 --> ...                                                  [tcl] synopsys::dump -add {proc_testbench.print_prf.prf_values} -aggregates  -fid VPD1
21:39:33    263 --> ...                                                      [tcl] dveMisc::vbusExpand proc_testbench.print_rob
21:39:34    264 --> ...                                                          [tcl] synopsys::dump -add {proc_testbench.rob_packets} -aggregates  -fid VPD1
21:39:34    265 --> ...                                                              [tcl] synopsys::dump -add {proc_testbench.print_rob.rob_packets} -aggregates  -fid VPD1
21:39:34    266 --> ...                                                                  [tcl] dveMisc::vbusExpand proc_testbench.print_rat
21:39:34    267 --> ...                                                                      [tcl] ucliGUI::getSignalValues -scope proc_testbench -radix {hexadecimal hexadecimal hexadecimal hexadecimal hexadecimal hexadecimal hexadecimal hexadecimal hexadecimal hexadecimal hexadecimal hexadecimal hexadecimal hexadecimal hexadecimal hexadecimal hexadecimal } -list {{proc2mem_command[1:0]} {proc2mem_addr[31:0]} {proc2mem_data[63:0]} proc2mem_size {mem2proc_response[3:0]} {mem2proc_data[63:0]} {mem2proc_tag[3:0]} print_prf.prf_values {print_prf.prf_free[31:0]} {print_prf.prf_valid[31:0]} print_prf.free_preg_queue {print_prf.free_preg_queue_head[4:0]} {print_prf.free_preg_queue_tail[4:0]} print_rob.rob_packets {print_rob.rob_head[2:0]} {print_rob.rob_tail[2:0]} print_rat.rat_packets }
21:39:41    268 --> ...                                                                          [tcl] synopsys::dump -add {proc_testbench.rat_packets} -aggregates  -fid VPD1
21:39:41    269 --> ...                                                                              [tcl] synopsys::dump -add {proc_testbench.print_rat.rat_packets} -aggregates  -fid VPD1
21:39:41    270 --> ...                                                                                  [tcl] synopsys::dump -add {proc_testbench.rrat_packets} -aggregates  -fid VPD1
21:39:41    271 --> ...                                                                                      [tcl] synopsys::dump -add {proc_testbench.print_rrat.rrat_packets} -aggregates  -fid VPD1
21:39:41    272 --> ...                                                                                          [tcl] ucliGUI::getSignalValues -scope proc_testbench -radix {hexadecimal } -list {print_rrat.rrat_packets }
