# Preference setting overrides
gui_create_pref_key -category {Globals} -key {load_detail_for_funcov} -value_type {bool} -value {false}
gui_set_pref_value -category {Source} -key {value_annotate} -value {true}
gui_create_pref_category -category {schem_obj_name}
gui_create_pref_key -category {schem_obj_name} -key {show_cell_and_pin_with_symbol_name} -value_type {bool} -value {false}
gui_create_pref_key -category {schem_pin_hc} -key {textExtFont} -value_type {string} -value {Helvetica,10,-1,5,50,0,0,0,0,0}

# State setting overrides
gui_state_default_create -off -ini
gui_set_state_value -category Globals -key recent_sessions -value {{gui_load_session -ignore_errors -file /afs/umich.edu/user/s/h/shiyuliu/Desktop/group8w20/session_mile2_debug1.inter.vpd.tcl} {gui_load_session -ignore_errors -file /afs/umich.edu/user/s/h/shiyuliu/Desktop/group8w20/session.inter.vpd.tcl}}
gui_set_state_value -category Layout -key child_console_size_x -value 2101
gui_set_state_value -category Layout -key child_console_size_y -value 395
gui_set_state_value -category Layout -key child_data_coltype -value 45
gui_set_state_value -category Layout -key child_data_colvalue -value 101
gui_set_state_value -category Layout -key child_data_colvariable -value 203
gui_set_state_value -category Layout -key child_data_size_x -value 373
gui_set_state_value -category Layout -key child_data_size_y -value 637
gui_set_state_value -category Layout -key child_hier_col3 -value {-1}
gui_set_state_value -category Layout -key child_hier_colhier -value 211
gui_set_state_value -category Layout -key child_hier_colpd -value 0
gui_set_state_value -category Layout -key child_hier_coltype -value 107
gui_set_state_value -category Layout -key child_hier_size_x -value 327
gui_set_state_value -category Layout -key child_hier_size_y -value 637
gui_set_state_value -category Layout -key child_schematic_docknewline -value false
gui_set_state_value -category Layout -key child_schematic_pos_x -value {-2}
gui_set_state_value -category Layout -key child_schematic_pos_y -value {-15}
gui_set_state_value -category Layout -key child_schematic_size_x -value 1052
gui_set_state_value -category Layout -key child_schematic_size_y -value 755
gui_set_state_value -category Layout -key child_source_docknewline -value false
gui_set_state_value -category Layout -key child_source_pos_x -value {-2}
gui_set_state_value -category Layout -key child_source_pos_y -value {-15}
gui_set_state_value -category Layout -key child_source_size_x -value 1404
gui_set_state_value -category Layout -key child_source_size_y -value 632
gui_set_state_value -category Layout -key child_wave_colname -value 356
gui_set_state_value -category Layout -key child_wave_colvalue -value 356
gui_set_state_value -category Layout -key child_wave_left -value 717
gui_set_state_value -category Layout -key child_wave_right -value 1750
gui_set_state_value -category Layout -key main_pos_x -value 370
gui_set_state_value -category Layout -key main_pos_y -value 155
gui_set_state_value -category Layout -key main_size_x -value 2471
gui_set_state_value -category Layout -key main_size_y -value 1286
gui_set_state_value -category Layout -key stand_wave_child_docknewline -value false
gui_set_state_value -category Layout -key stand_wave_child_pos_x -value {-2}
gui_set_state_value -category Layout -key stand_wave_child_pos_y -value {-15}
gui_set_state_value -category Layout -key stand_wave_child_size_x -value 2477
gui_set_state_value -category Layout -key stand_wave_child_size_y -value 1141
gui_set_state_value -category Layout -key stand_wave_top_pos_x -value 212
gui_set_state_value -category Layout -key stand_wave_top_pos_y -value 65
gui_set_state_value -category Layout -key stand_wave_top_size_x -value 2684
gui_set_state_value -category Layout -key stand_wave_top_size_y -value 1286
gui_create_state_key -category FindDialog -key m_pMatchCase -value_type bool -value false
gui_create_state_key -category FindDialog -key m_pMatchWord -value_type bool -value false
gui_create_state_key -category FindDialog -key m_pUseCombo -value_type string -value {}
gui_create_state_key -category FindDialog -key m_pWrapAround -value_type bool -value true
gui_create_state_key -category Widget_History -key {dlgSimSetup|m_setupTab|tab pages|SimTab|m_VPDCombo} -value_type string -value inter.vpd
gui_create_state_key -category Widget_History -key {dlgSimSetup|m_setupTab|tab pages|SimTab|m_curDirCombo} -value_type string -value /afs/umich.edu/user/s/h/shiyuliu/Desktop/group8w20
gui_create_state_key -category Widget_History -key {dlgSimSetup|m_setupTab|tab pages|SimTab|m_exeCombo} -value_type string -value ./syn_simv
gui_state_default_create -off

# Begin command logging
gui_sim_run Ucli -exe dve -args {-ucligui  -V +vc -cm_runsilent -cm line+tgl +memcbk} -dir .
gui_list_expand -id  Hier.1   proc_testbench
gui_list_expand -id  Hier.1   proc_testbench.processor0
gui_list_select -id Hier.1 -current_item_name proc_testbench.processor0.icache0 -current_item_type Scope  -selected  { proc_testbench.processor0.icache0   }
gui_list_select -id Hier.1 -current_item_name proc_testbench.processor0.icache0 -current_item_type Scope  -selected  {  }
gui_list_select -id Hier.1 -current_item_name proc_testbench.processor0.icache0 -current_item_type Scope  -selected  { proc_testbench.processor0.icache0   }
gui_list_select -id Data.1 -selected  { proc_testbench.processor0.icache0.clock   }
gui_list_select -id Data.1 -selected  { proc_testbench.processor0.icache0.clock  proc_testbench.processor0.icache0.reset  {proc_testbench.processor0.icache0.proc2Icache_addr[31:0]}   }
gui_list_select -id Data.1 -selected  { {proc_testbench.processor0.icache0.icache_blocks[31:0]}   }
gui_list_select -id Data.1 -selected  { proc_testbench.processor0.icache0.clock   }
gui_list_select -id Data.1 -selected  { proc_testbench.processor0.icache0.clock  proc_testbench.processor0.icache0.reset  {proc_testbench.processor0.icache0.proc2Icache_addr[31:0]}   }
gui_list_select -id Data.1 -selected  { proc_testbench.processor0.icache0.clock  proc_testbench.processor0.icache0.reset  {proc_testbench.processor0.icache0.proc2Icache_addr[31:0]}  {proc_testbench.processor0.icache0.icache_blocks[31:0]}   }
gui_open_window Wave
gui_list_add -id Wave.1 -from Data.1 { proc_testbench.processor0.icache0.clock proc_testbench.processor0.icache0.reset {proc_testbench.processor0.icache0.proc2Icache_addr[31:0]} {proc_testbench.processor0.icache0.icache_blocks[31:0]} } -insertionbar
gui_wv_zoom_timerange -id  Wave.1 0 465
gui_sim_continue  
gui_sim_stop 
gui_list_expand -id  Wave.1   {proc_testbench.processor0.icache0.icache_blocks[31:0]}
gui_close_window -window TopLevel.2
